#
# There is insufficient memory for the Java Runtime Environment to continue.
# Native memory allocation (malloc) failed to allocate 43232 bytes for Chunk::new
# Possible reasons:
#   The system is out of physical RAM or swap space
#   In 32 bit mode, the process size limit was hit
# Possible solutions:
#   Reduce memory load on the system
#   Increase physical memory or swap space
#   Check if swap backing store is full
#   Use 64 bit Java on a 64 bit OS
#   Decrease Java heap size (-Xmx/-Xms)
#   Decrease number of Java threads
#   Decrease Java thread stack sizes (-Xss)
#   Set larger code cache with -XX:ReservedCodeCacheSize=
# This output file may be truncated or incomplete.
#
#  Out of Memory Error (allocation.cpp:390), pid=7160, tid=7976
#
# JRE version: Java(TM) SE Runtime Environment (8.0_20-b26) (build 1.8.0_20-b26)
# Java VM: Java HotSpot(TM) 64-Bit Server VM (25.20-b23 mixed mode windows-amd64 compressed oops)
# Failed to write core dump. Minidumps are not enabled by default on client versions of Windows
#

---------------  T H R E A D  ---------------

Current thread (0x00000000021de800):  JavaThread "main" [_thread_in_native, id=7976, stack(0x00000000021e0000,0x00000000022e0000)]

Stack: [0x00000000021e0000,0x00000000022e0000]
Native frames: (J=compiled Java code, j=interpreted, Vv=VM code, C=native code)
V  [jvm.dll+0x3152fa]

Java frames: (J=compiled Java code, j=interpreted, Vv=VM code)
J 384  java.lang.ClassLoader.findBootstrapClass(Ljava/lang/String;)Ljava/lang/Class; (0 bytes) @ 0x00000000025b034f [0x00000000025b0300+0x4f]
J 312 C1 java.lang.ClassLoader.loadClass(Ljava/lang/String;Z)Ljava/lang/Class; (122 bytes) @ 0x000000000258dd9c [0x000000000258d580+0x81c]
J 312 C1 java.lang.ClassLoader.loadClass(Ljava/lang/String;Z)Ljava/lang/Class; (122 bytes) @ 0x000000000258dc8c [0x000000000258d580+0x70c]
J 506 C1 sun.misc.Launcher$AppClassLoader.loadClass(Ljava/lang/String;Z)Ljava/lang/Class; (40 bytes) @ 0x000000000260643c [0x0000000002606000+0x43c]
J 504 C1 java.lang.ClassLoader.loadClass(Ljava/lang/String;)Ljava/lang/Class; (7 bytes) @ 0x000000000260254c [0x0000000002602440+0x10c]
v  ~StubRoutines::call_stub
j  com.thoughtworks.xstream.XStream.setupAliases()V+110
j  com.thoughtworks.xstream.XStream.<init>(Lcom/thoughtworks/xstream/converters/reflection/ReflectionProvider;Lcom/thoughtworks/xstream/io/HierarchicalStreamDriver;Lcom/thoughtworks/xstream/core/ClassLoaderReference;Lcom/thoughtworks/xstream/mapper/Mapper;Lcom/thoughtworks/xstream/converters/ConverterLookup;Lcom/thoughtworks/xstream/converters/ConverterRegistry;)V+66
j  com.thoughtworks.xstream.XStream.<init>(Lcom/thoughtworks/xstream/converters/reflection/ReflectionProvider;Lcom/thoughtworks/xstream/io/HierarchicalStreamDriver;Lcom/thoughtworks/xstream/core/ClassLoaderReference;Lcom/thoughtworks/xstream/mapper/Mapper;Lcom/thoughtworks/xstream/core/DefaultConverterLookup;)V+24
j  com.thoughtworks.xstream.XStream.<init>(Lcom/thoughtworks/xstream/converters/reflection/ReflectionProvider;Lcom/thoughtworks/xstream/io/HierarchicalStreamDriver;Ljava/lang/ClassLoader;Lcom/thoughtworks/xstream/mapper/Mapper;)V+20
j  com.thoughtworks.xstream.XStream.<init>(Lcom/thoughtworks/xstream/converters/reflection/ReflectionProvider;Lcom/thoughtworks/xstream/mapper/Mapper;Lcom/thoughtworks/xstream/io/HierarchicalStreamDriver;)V+11
j  com.thoughtworks.xstream.XStream.<init>(Lcom/thoughtworks/xstream/io/HierarchicalStreamDriver;)V+7
j  com.alee.utils.XmlUtils.initializeXStream()V+11
j  com.alee.utils.XmlUtils.getXStream()Lcom/thoughtworks/xstream/XStream;+6
j  com.alee.utils.XmlUtils.processAnnotations(Ljava/lang/Class;)V+0
j  com.alee.laf.WebLookAndFeel$2.propertyChange(Ljava/beans/PropertyChangeEvent;)V+37
j  java.beans.PropertyChangeSupport.fire([Ljava/beans/PropertyChangeListener;Ljava/beans/PropertyChangeEvent;)V+27
j  java.beans.PropertyChangeSupport.firePropertyChange(Ljava/beans/PropertyChangeEvent;)V+71
j  javax.swing.event.SwingPropertyChangeSupport.firePropertyChange(Ljava/beans/PropertyChangeEvent;)V+27
j  java.beans.PropertyChangeSupport.firePropertyChange(Ljava/lang/String;Ljava/lang/Object;Ljava/lang/Object;)V+31
j  javax.swing.UIManager.setLookAndFeel(Ljavax/swing/LookAndFeel;)V+108
j  com.alee.laf.WebLookAndFeel.install(Z)Z+7
j  com.alee.laf.WebLookAndFeel.install()Z+1
j  StorePackage.MainMenu.main([Ljava/lang/String;)V+129
v  ~StubRoutines::call_stub

---------------  P R O C E S S  ---------------

Java Threads: ( => current thread )
  0x00000000172a4800 JavaThread "Image Fetcher 2" daemon [_thread_blocked, id=7352, stack(0x0000000018f80000,0x0000000019080000)]
  0x000000001640f000 JavaThread "Image Fetcher 1" daemon [_thread_blocked, id=7416, stack(0x0000000016ff0000,0x00000000170f0000)]
  0x00000000164d6000 JavaThread "Image Fetcher 0" daemon [_thread_blocked, id=252, stack(0x00000000169f0000,0x0000000016af0000)]
  0x00000000164d9800 JavaThread "AWT-Windows" daemon [_thread_in_native, id=5604, stack(0x0000000016af0000,0x0000000016bf0000)]
  0x00000000164d3800 JavaThread "Java2D Disposer" daemon [_thread_blocked, id=7112, stack(0x00000000168f0000,0x00000000169f0000)]
  0x0000000016106000 JavaThread "Service Thread" daemon [_thread_blocked, id=8284, stack(0x0000000016600000,0x0000000016700000)]
  0x0000000016100800 JavaThread "C1 CompilerThread2" daemon [_thread_blocked, id=9040, stack(0x0000000016500000,0x0000000016600000)]
  0x00000000149ac800 JavaThread "C2 CompilerThread1" daemon [_thread_blocked, id=8972, stack(0x0000000016000000,0x0000000016100000)]
  0x00000000149aa800 JavaThread "C2 CompilerThread0" daemon [_thread_blocked, id=5084, stack(0x0000000015f00000,0x0000000016000000)]
  0x00000000149a7800 JavaThread "Attach Listener" daemon [_thread_blocked, id=9024, stack(0x0000000015e00000,0x0000000015f00000)]
  0x00000000149a6800 JavaThread "Signal Dispatcher" daemon [_thread_blocked, id=8756, stack(0x0000000015d00000,0x0000000015e00000)]
  0x00000000023d5000 JavaThread "Finalizer" daemon [_thread_blocked, id=5628, stack(0x0000000015c00000,0x0000000015d00000)]
  0x00000000023cc000 JavaThread "Reference Handler" daemon [_thread_blocked, id=4800, stack(0x0000000015b00000,0x0000000015c00000)]
=>0x00000000021de800 JavaThread "main" [_thread_in_native, id=7976, stack(0x00000000021e0000,0x00000000022e0000)]

Other Threads:
  0x0000000014967000 VMThread [stack: 0x0000000015a00000,0x0000000015b00000] [id=6640]
  0x0000000016108800 WatcherThread [stack: 0x0000000016700000,0x0000000016800000] [id=8836]

VM state:not at safepoint (normal execution)

VM Mutex/Monitor currently owned by a thread: None

Heap:
 PSYoungGen      total 18944K, used 13290K [0x00000000eb500000, 0x00000000eca00000, 0x0000000100000000)
  eden space 16384K, 81% used [0x00000000eb500000,0x00000000ec1fa978,0x00000000ec500000)
  from space 2560K, 0% used [0x00000000ec780000,0x00000000ec780000,0x00000000eca00000)
  to   space 2560K, 0% used [0x00000000ec500000,0x00000000ec500000,0x00000000ec780000)
 ParOldGen       total 44032K, used 0K [0x00000000c1e00000, 0x00000000c4900000, 0x00000000eb500000)
  object space 44032K, 0% used [0x00000000c1e00000,0x00000000c1e00000,0x00000000c4900000)
 Metaspace       used 12082K, capacity 12198K, committed 12288K, reserved 1060864K
  class space    used 1459K, capacity 1502K, committed 1536K, reserved 1048576K

Card table byte_map: [0x00000000117a0000,0x00000000119a0000] byte_map_base: 0x0000000011191000

Marking Bits: (ParMarkBitMap*) 0x00000000779eb460
 Begin Bits: [0x0000000011ef0000, 0x0000000012e78000)
 End Bits:   [0x0000000012e78000, 0x0000000013e00000)

Polling page: 0x0000000000940000

CodeCache: size=245760Kb used=2375Kb max_used=2375Kb free=243384Kb
 bounds [0x00000000023e0000, 0x0000000002650000, 0x00000000113e0000]
 total_blobs=1038 nmethods=585 adapters=367
 compilation: enabled

Compilation events (10 events):
Event: 7.637 Thread 0x0000000016100800  584   !   3       java.util.zip.ZipFile::getInputStream (304 bytes)
Event: 7.638 Thread 0x0000000016100800 nmethod 584 0x000000000262f010 code [0x000000000262f2a0, 0x0000000002630458]
Event: 7.639 Thread 0x0000000016100800  585       3       java.util.zip.ZipFile$ZipFileInputStream::<init> (41 bytes)
Event: 7.639 Thread 0x0000000016100800 nmethod 585 0x0000000002630fd0 code [0x0000000002631160, 0x00000000026314f8]
Event: 7.639 Thread 0x0000000016100800  588       3       java.util.Date::getTimeImpl (27 bytes)
Event: 7.639 Thread 0x0000000016100800 nmethod 588 0x0000000002631710 code [0x0000000002631880, 0x0000000002631b28]
Event: 7.639 Thread 0x0000000016100800  586       3       sun.util.calendar.Gregorian::newCalendarDate (9 bytes)
Event: 7.639 Thread 0x0000000016100800 nmethod 586 0x0000000002631c10 code [0x0000000002631d80, 0x0000000002631fc8]
Event: 7.639 Thread 0x0000000016100800  587       3       java.util.zip.ZipEntry::<init> (43 bytes)
Event: 7.640 Thread 0x0000000016100800 nmethod 587 0x0000000002632490 code [0x00000000026325e0, 0x00000000026327f0]

GC Heap History (0 events):
No events

Deoptimization events (0 events):
No events

Internal exceptions (10 events):
Event: 7.632 Thread 0x00000000021de800 Exception <a 'java/security/PrivilegedActionException'> (0x00000000ec12fd00) thrown at [D:\re\workspace\8-2-build-windows-amd64-cygwin\jdk8u20\1074\hotspot\src\share\vm\prims\jvm.cpp, line 1275]
Event: 7.632 Thread 0x00000000021de800 Exception <a 'java/security/PrivilegedActionException'> (0x00000000ec133be8) thrown at [D:\re\workspace\8-2-build-windows-amd64-cygwin\jdk8u20\1074\hotspot\src\share\vm\prims\jvm.cpp, line 1275]
Event: 7.633 Thread 0x00000000021de800 Exception <a 'java/security/PrivilegedActionException'> (0x00000000ec136840) thrown at [D:\re\workspace\8-2-build-windows-amd64-cygwin\jdk8u20\1074\hotspot\src\share\vm\prims\jvm.cpp, line 1275]
Event: 7.634 Thread 0x00000000021de800 Exception <a 'java/security/PrivilegedActionException'> (0x00000000ec139298) thrown at [D:\re\workspace\8-2-build-windows-amd64-cygwin\jdk8u20\1074\hotspot\src\share\vm\prims\jvm.cpp, line 1275]
Event: 7.635 Thread 0x00000000021de800 Exception <a 'java/security/PrivilegedActionException'> (0x00000000ec14bef0) thrown at [D:\re\workspace\8-2-build-windows-amd64-cygwin\jdk8u20\1074\hotspot\src\share\vm\prims\jvm.cpp, line 1275]
Event: 7.637 Thread 0x00000000021de800 Exception <a 'java/security/PrivilegedActionException'> (0x00000000ec14ece0) thrown at [D:\re\workspace\8-2-build-windows-amd64-cygwin\jdk8u20\1074\hotspot\src\share\vm\prims\jvm.cpp, line 1275]
Event: 7.638 Thread 0x00000000021de800 Exception <a 'java/security/PrivilegedActionException'> (0x00000000ec152c30) thrown at [D:\re\workspace\8-2-build-windows-amd64-cygwin\jdk8u20\1074\hotspot\src\share\vm\prims\jvm.cpp, line 1275]
Event: 7.639 Thread 0x00000000021de800 Exception <a 'java/security/PrivilegedActionException'> (0x00000000ec1555b8) thrown at [D:\re\workspace\8-2-build-windows-amd64-cygwin\jdk8u20\1074\hotspot\src\share\vm\prims\jvm.cpp, line 1275]
Event: 7.640 Thread 0x00000000021de800 Exception <a 'java/security/PrivilegedActionException'> (0x00000000ec158b40) thrown at [D:\re\workspace\8-2-build-windows-amd64-cygwin\jdk8u20\1074\hotspot\src\share\vm\prims\jvm.cpp, line 1275]
Event: 7.640 Thread 0x00000000021de800 Exception <a 'java/security/PrivilegedActionException'> (0x00000000ec15b6c0) thrown at [D:\re\workspace\8-2-build-windows-amd64-cygwin\jdk8u20\1074\hotspot\src\share\vm\prims\jvm.cpp, line 1275]

Events (10 events):
Event: 7.637 loading class com/thoughtworks/xstream/converters/SingleValueConverterWrapper done
Event: 7.638 loading class com/thoughtworks/xstream/core/util/TypedNull
Event: 7.638 loading class com/thoughtworks/xstream/core/util/TypedNull done
Event: 7.639 loading class com/thoughtworks/xstream/mapper/CachingMapper
Event: 7.639 loading class com/thoughtworks/xstream/mapper/CachingMapper done
Event: 7.639 loading class com/thoughtworks/xstream/security/AnyTypePermission
Event: 7.639 loading class com/thoughtworks/xstream/security/AnyTypePermission done
Event: 7.640 loading class com/thoughtworks/xstream/security/NoTypePermission
Event: 7.640 loading class com/thoughtworks/xstream/security/NoTypePermission done
Event: 7.641 loading class java/math/BigInteger


Dynamic libraries:
0x00007ff6a6780000 - 0x00007ff6a67b4000 	C:\Program Files\Java\jdk1.8.0_20\jre\bin\java.exe
0x00007fff5cbb0000 - 0x00007fff5cd5a000 	C:\WINDOWS\SYSTEM32\ntdll.dll
0x00007fff5bfb0000 - 0x00007fff5c0ea000 	C:\WINDOWS\system32\KERNEL32.DLL
0x00007fff5a320000 - 0x00007fff5a42f000 	C:\WINDOWS\system32\KERNELBASE.dll
0x00007fff58b50000 - 0x00007fff58bd8000 	C:\WINDOWS\system32\apphelp.dll
0x00007fff509b0000 - 0x00007fff509ff000 	C:\WINDOWS\AppPatch\AppPatch64\AcGenral.DLL
0x00007fff5bd10000 - 0x00007fff5bdb7000 	C:\WINDOWS\system32\msvcrt.dll
0x00007fff59d00000 - 0x00007fff59d2b000 	C:\WINDOWS\SYSTEM32\SspiCli.dll
0x00007fff5bb50000 - 0x00007fff5bba1000 	C:\WINDOWS\system32\SHLWAPI.dll
0x00007fff5c6a0000 - 0x00007fff5c811000 	C:\WINDOWS\system32\USER32.dll
0x00007fff5c820000 - 0x00007fff5c998000 	C:\WINDOWS\system32\ole32.dll
0x00007fff5a5f0000 - 0x00007fff5ba07000 	C:\WINDOWS\system32\SHELL32.dll
0x00007fff59530000 - 0x00007fff5954e000 	C:\WINDOWS\SYSTEM32\USERENV.dll
0x00007fff5a430000 - 0x00007fff5a4d5000 	C:\WINDOWS\system32\ADVAPI32.dll
0x00007fff4b330000 - 0x00007fff4b34b000 	C:\WINDOWS\SYSTEM32\MPR.dll
0x00007fff5ba10000 - 0x00007fff5bb46000 	C:\WINDOWS\system32\RPCRT4.dll
0x00007fff5a590000 - 0x00007fff5a5e7000 	C:\WINDOWS\SYSTEM32\sechost.dll
0x00007fff5c2e0000 - 0x00007fff5c4b6000 	C:\WINDOWS\SYSTEM32\combase.dll
0x00007fff5c4f0000 - 0x00007fff5c635000 	C:\WINDOWS\system32\GDI32.dll
0x00007fff59f20000 - 0x00007fff59f34000 	C:\WINDOWS\SYSTEM32\profapi.dll
0x00007fff580f0000 - 0x00007fff5818f000 	C:\WINDOWS\SYSTEM32\SHCORE.dll
0x00007fff5c100000 - 0x00007fff5c134000 	C:\WINDOWS\system32\IMM32.DLL
0x00007fff5ca00000 - 0x00007fff5cb39000 	C:\WINDOWS\system32\MSCTF.dll
0x00007fff57650000 - 0x00007fff578aa000 	C:\WINDOWS\WinSxS\amd64_microsoft.windows.common-controls_6595b64144ccf1df_6.0.9600.17031_none_6242a4b3ecbb55a1\COMCTL32.dll
0x0000000077130000 - 0x0000000077202000 	C:\Program Files\Java\jdk1.8.0_20\jre\bin\msvcr100.dll
0x0000000077210000 - 0x0000000077a68000 	C:\Program Files\Java\jdk1.8.0_20\jre\bin\server\jvm.dll
0x00007fff4df10000 - 0x00007fff4df19000 	C:\WINDOWS\SYSTEM32\WSOCK32.dll
0x00007fff47330000 - 0x00007fff4734f000 	C:\WINDOWS\SYSTEM32\WINMM.dll
0x00007fff5bdc0000 - 0x00007fff5bdc7000 	C:\WINDOWS\system32\PSAPI.DLL
0x00007fff5c640000 - 0x00007fff5c698000 	C:\WINDOWS\system32\WS2_32.dll
0x00007fff47300000 - 0x00007fff4732a000 	C:\WINDOWS\SYSTEM32\WINMMBASE.dll
0x00007fff5c0f0000 - 0x00007fff5c0f9000 	C:\WINDOWS\system32\NSI.dll
0x00007fff5a2d0000 - 0x00007fff5a31a000 	C:\WINDOWS\SYSTEM32\cfgmgr32.dll
0x00007fff58db0000 - 0x00007fff58dd6000 	C:\WINDOWS\SYSTEM32\DEVOBJ.dll
0x0000000050010000 - 0x000000005001f000 	C:\Program Files\Java\jdk1.8.0_20\jre\bin\verify.dll
0x00000000770c0000 - 0x00000000770e8000 	C:\Program Files\Java\jdk1.8.0_20\jre\bin\java.dll
0x00000000770a0000 - 0x00000000770b6000 	C:\Program Files\Java\jdk1.8.0_20\jre\bin\zip.dll
0x0000000076ec0000 - 0x0000000077058000 	C:\Program Files\Java\jdk1.8.0_20\jre\bin\awt.dll
0x00007fff5bbb0000 - 0x00007fff5bc67000 	C:\WINDOWS\system32\OLEAUT32.dll
0x00007fff58c20000 - 0x00007fff58d41000 	C:\WINDOWS\system32\uxtheme.dll
0x00007fff578b0000 - 0x00007fff578d0000 	C:\WINDOWS\system32\dwmapi.dll
0x00007fff58da0000 - 0x00007fff58daa000 	C:\WINDOWS\SYSTEM32\kernel.appcore.dll
0x00007fff59d90000 - 0x00007fff59d9a000 	C:\WINDOWS\SYSTEM32\CRYPTBASE.dll
0x00007fff59d30000 - 0x00007fff59d90000 	C:\WINDOWS\SYSTEM32\bcryptPrimitives.dll
0x0000000076e70000 - 0x0000000076eb7000 	C:\Program Files\Java\jdk1.8.0_20\jre\bin\fontmanager.dll
0x00007fff47a90000 - 0x00007fff47c9a000 	C:\WINDOWS\system32\d3d9.dll
0x00007fff53ee0000 - 0x00007fff53eea000 	C:\WINDOWS\SYSTEM32\VERSION.dll
0x00007fff29c20000 - 0x00007fff2b4fc000 	C:\WINDOWS\SYSTEM32\igdumdim64.dll
0x00007fff55210000 - 0x00007fff55662000 	C:\WINDOWS\SYSTEM32\igdusc64.dll
0x00000000764c0000 - 0x00000000764fc000 	C:\Program Files\Java\jdk1.8.0_20\jre\bin\lcms.dll
0x00007fff3b4d0000 - 0x00007fff3b658000 	C:\WINDOWS\SYSTEM32\dbghelp.dll

VM Arguments:
jvm_args: -Dfile.encoding=UTF-8 
java_command: StorePackage.MainMenu
java_class_path (initial): D:\app\Zuhair\product\11.2.0\dbhome_1\jdbc\lib\ojdbc6.jar;C:\Program Files\NetBeans 8.0.1\java\modules\ext\eclipselink\eclipselink.jar;C:\Program Files\NetBeans 8.0.1\java\modules\ext\eclipselink\javax.persistence_2.1.0.v201304241213.jar;C:\Program Files\NetBeans 8.0.1\java\modules\ext\eclipselink\org.eclipse.persistence.jpa.jpql_2.5.2.v20140319-9ad6abd.jar;C:\Users\Zuhair\Downloads\weblaf-complete-1.28.jar;C:\Program Files\NetBeans 8.0.1\java\modules\ext\beansbinding-1.2.1.jar;C:\Users\Zuhair\Documents\NetBeansProjects\AZMProject2\build\classes
Launcher Type: SUN_STANDARD

Environment Variables:
CLASSPATH=D:\app\Zuhair\product\11.2.0\dbhome_1\jdbc\lib
PATH=C:\Program Files\Haskell\bin;C:\Program Files\Haskell Platform\2014.2.0.0\lib\extralibs\bin;C:\Program Files\Haskell Platform\2014.2.0.0\bin;D:\app\Zuhair\product\11.2.0\dbhome_1\bin;C:\ProgramData\Oracle\Java\javapath;C:\Program Files (x86)\PC Connectivity Solution\;C:\Program Files (x86)\iis express\PHP\v5.4;C:\Program Files (x86)\iis express\PHP\v5.3;C:\WINDOWS\system32;C:\WINDOWS;C:\WINDOWS\System32\Wbem;C:\WINDOWS\System32\WindowsPowerShell\v1.0\;C:\Program Files (x86)\QuickTime\QTSystem\;C:\Program Files (x86)\Windows Kits\8.1\Windows Performance Toolkit\;C:\Program Files\Microsoft SQL Server\110\Tools\Binn\;c:\users\zuhair\appdata\local\enthought\canopy\user\scripts;C:\Ruby193\bin;C:\Users\Zuhair\AppData\Local\Enthought\Canopy\User;C:\Users\Zuhair\AppData\Local\Enthought\Canopy\User\Scripts;C:\Program Files\MySQL\MySQL Server 5.1\bin;C:\Program Files (x86)\VisualSVN\bin;C:\Program Files (x86)\IVI Foundation\VISA\WinNT\Bin;C:\Program Files (x86)\leJOS NXJ\bin;C:\Program Files\TortoiseSVN\bin;C:\Program Files\Google\Cloud SDK\google-cloud-sdk\bin;C:\Program Files\nodejs\;C:\Program Files\MATLAB\R2014a\runtime\win64;C:\Program Files\MATLAB\R2014a\bin;C:\Program Files\MATLAB\R2014a\polyspace\bin;C:\Program Files\Haskell Platform\2014.2.0.0\mingw\bin;C:\Program Files (x86)\Tesseract-OCR;C:\Program Files\Microsoft\Web Platform Installer\;C:\Users\Zuhair\AppData\Roaming\cabal\bin;C:\Program Files\Java\jdk1.8.0_20\bin;C:\RailsInstaller\Git\cmd;C:\RailsInstaller\Ruby1.9.3\bin;c:\users\zuhair\appdata\local\enthought\canopy\user\scripts;C:\Ruby193\bin;C:\Users\Zuhair\AppData\Local\Enthought\Canopy\User;C:\Users\Zuhair\AppData\Local\Enthought\Canopy\User\Scripts;"C:\Program Files (x86)\TASM1";C:\Program Files (x86)\Google\google_appengine\;C:\Users\Zuhair\AppData\Roaming\npm;D:\opencv\build\x86\vc12\bin
USERNAME=Zuhair
OS=Windows_NT
PROCESSOR_IDENTIFIER=Intel64 Family 6 Model 58 Stepping 9, GenuineIntel



---------------  S Y S T E M  ---------------

OS: Windows 8.1 , 64 bit Build 9600 

CPU:total 4 (2 cores per cpu, 2 threads per core) family 6 model 58 stepping 9, cmov, cx8, fxsr, mmx, sse, sse2, sse3, ssse3, sse4.1, sse4.2, popcnt, avx, aes, clmul, erms, ht, tsc, tscinvbit, tscinv

Memory: 4k page, physical 4070964k(135060k free), swap 9190964k(5652k free)

vm_info: Java HotSpot(TM) 64-Bit Server VM (25.20-b23) for windows-amd64 JRE (1.8.0_20-b26), built on Jul 30 2014 13:51:23 by "java_re" with MS VC++ 10.0 (VS2010)

time: Wed Dec 03 13:10:52 2014
elapsed time: 10 seconds (0d 0h 0m 10s)

