#
# There is insufficient memory for the Java Runtime Environment to continue.
# Native memory allocation (malloc) failed to allocate 8000 bytes for AllocateHeap
# Possible reasons:
#   The system is out of physical RAM or swap space
#   In 32 bit mode, the process size limit was hit
# Possible solutions:
#   Reduce memory load on the system
#   Increase physical memory or swap space
#   Check if swap backing store is full
#   Use 64 bit Java on a 64 bit OS
#   Decrease Java heap size (-Xmx/-Xms)
#   Decrease number of Java threads
#   Decrease Java thread stack sizes (-Xss)
#   Set larger code cache with -XX:ReservedCodeCacheSize=
# This output file may be truncated or incomplete.
#
#  Out of Memory Error (memory/allocation.inline.hpp:62), pid=4276, tid=8508
#
# JRE version: Java(TM) SE Runtime Environment (8.0_20-b26) (build 1.8.0_20-b26)
# Java VM: Java HotSpot(TM) 64-Bit Server VM (25.20-b23 mixed mode windows-amd64 compressed oops)
# Failed to write core dump. Minidumps are not enabled by default on client versions of Windows
#

---------------  T H R E A D  ---------------

Current thread (0x00000000148c7000):  VMThread [stack: 0x0000000015960000,0x0000000015a60000] [id=8508]

Stack: [0x0000000015960000,0x0000000015a60000]
Native frames: (J=compiled Java code, j=interpreted, Vv=VM code, C=native code)
V  [jvm.dll+0x3152fa]
V  [jvm.dll+0x265d03]
V  [jvm.dll+0x266943]
V  [jvm.dll+0x25e265]
V  [jvm.dll+0x25fc3a]
V  [jvm.dll+0x67ab3]
V  [jvm.dll+0x5977c]
V  [jvm.dll+0x6dc34]
V  [jvm.dll+0x3db82f]
V  [jvm.dll+0x3dcd50]
V  [jvm.dll+0x3dd2eb]
V  [jvm.dll+0xa0995]
V  [jvm.dll+0x279736]
V  [jvm.dll+0x2312c7]
V  [jvm.dll+0x230506]
V  [jvm.dll+0x2309a1]
V  [jvm.dll+0x230bbe]
V  [jvm.dll+0x283f5a]
C  [msvcr100.dll+0x21d9f]
C  [msvcr100.dll+0x21e3b]
C  [KERNEL32.DLL+0x16ad]
C  [ntdll.dll+0x74629]

VM_Operation (0x000000000222cce0): CollectForMetadataAllocation, mode: safepoint, requested by thread 0x000000000223e800


---------------  P R O C E S S  ---------------

Java Threads: ( => current thread )
  0x000000001728c800 JavaThread "Image Fetcher 2" daemon [_thread_blocked, id=9108, stack(0x0000000018ec0000,0x0000000018fc0000)]
  0x000000001651e800 JavaThread "Image Fetcher 1" daemon [_thread_blocked, id=4752, stack(0x0000000017830000,0x0000000017930000)]
  0x000000001628d800 JavaThread "Image Fetcher 0" daemon [_thread_blocked, id=5756, stack(0x0000000016f30000,0x0000000017030000)]
  0x0000000016637000 JavaThread "AWT-Windows" daemon [_thread_in_native, id=6568, stack(0x0000000016a50000,0x0000000016b50000)]
  0x0000000016631000 JavaThread "Java2D Disposer" daemon [_thread_blocked, id=1052, stack(0x0000000016850000,0x0000000016950000)]
  0x000000001495c800 JavaThread "Service Thread" daemon [_thread_blocked, id=5780, stack(0x0000000016160000,0x0000000016260000)]
  0x0000000014956800 JavaThread "C1 CompilerThread2" daemon [_thread_blocked, id=8504, stack(0x0000000016060000,0x0000000016160000)]
  0x000000001494a800 JavaThread "C2 CompilerThread1" daemon [_thread_blocked, id=5040, stack(0x0000000015f60000,0x0000000016060000)]
  0x00000000148fc000 JavaThread "C2 CompilerThread0" daemon [_thread_blocked, id=8528, stack(0x0000000015e60000,0x0000000015f60000)]
  0x0000000014909000 JavaThread "Attach Listener" daemon [_thread_blocked, id=8220, stack(0x0000000015d60000,0x0000000015e60000)]
  0x0000000014908000 JavaThread "Signal Dispatcher" daemon [_thread_blocked, id=8244, stack(0x0000000015c60000,0x0000000015d60000)]
  0x0000000002335000 JavaThread "Finalizer" daemon [_thread_blocked, id=6900, stack(0x0000000015b60000,0x0000000015c60000)]
  0x000000000232c000 JavaThread "Reference Handler" daemon [_thread_blocked, id=4344, stack(0x0000000015a60000,0x0000000015b60000)]
  0x000000000223e800 JavaThread "main" [_thread_blocked, id=8752, stack(0x0000000002130000,0x0000000002230000)]

Other Threads:
=>0x00000000148c7000 VMThread [stack: 0x0000000015960000,0x0000000015a60000] [id=8508]
  0x0000000016260800 WatcherThread [stack: 0x0000000016660000,0x0000000016760000] [id=6376]

VM state:at safepoint (normal execution)

VM Mutex/Monitor currently owned by a thread:  ([mutex/lock_event])
[0x000000000223cb70] Threads_lock - owner thread: 0x00000000148c7000
[0x000000000223cef0] Heap_lock - owner thread: 0x000000000223e800

Heap:
 PSYoungGen      total 18944K, used 2528K [0x00000000eb500000, 0x00000000eca00000, 0x0000000100000000)
  eden space 16384K, 0% used [0x00000000eb500000,0x00000000eb500000,0x00000000ec500000)
  from space 2560K, 98% used [0x00000000ec500000,0x00000000ec778040,0x00000000ec780000)
  to   space 2560K, 0% used [0x00000000ec780000,0x00000000ec780000,0x00000000eca00000)
 ParOldGen       total 44032K, used 1602K [0x00000000c1e00000, 0x00000000c4900000, 0x00000000eb500000)
  object space 44032K, 3% used [0x00000000c1e00000,0x00000000c1f90a28,0x00000000c4900000)
 Metaspace       used 12684K, capacity 12774K, committed 12928K, reserved 1064960K
  class space    used 1531K, capacity 1566K, committed 1664K, reserved 1048576K

Card table byte_map: [0x0000000011700000,0x0000000011900000] byte_map_base: 0x00000000110f1000

Marking Bits: (ParMarkBitMap*) 0x00000000779eb460
 Begin Bits: [0x0000000011e50000, 0x0000000012dd8000)
 End Bits:   [0x0000000012dd8000, 0x0000000013d60000)

Polling page: 0x0000000002070000

CodeCache: size=245760Kb used=2543Kb max_used=2560Kb free=243216Kb
 bounds [0x0000000002340000, 0x00000000025d0000, 0x0000000011340000]
 total_blobs=1074 nmethods=620 adapters=368
 compilation: enabled

Compilation events (10 events):
Event: 7.598 Thread 0x0000000014956800  618       3       java.util.Date::getTimeImpl (27 bytes)
Event: 7.599 Thread 0x0000000014956800 nmethod 618 0x00000000025b55d0 code [0x00000000025b5740, 0x00000000025b5a18]
Event: 7.600 Thread 0x0000000014956800  619       3       java.util.TreeMap::setColor (10 bytes)
Event: 7.600 Thread 0x0000000014956800 nmethod 619 0x00000000025b5250 code [0x00000000025b53a0, 0x00000000025b5510]
Event: 7.601 Thread 0x0000000014956800  620       3       com.thoughtworks.xstream.core.util.PrioritizedList$PrioritizedItem::compareTo (36 bytes)
Event: 7.601 Thread 0x0000000014956800 nmethod 620 0x00000000025b8710 code [0x00000000025b8880, 0x00000000025b8b10]
Event: 7.603 Thread 0x00000000148fc000  622   !   4       sun.misc.URLClassPath$JarLoader::getResource (85 bytes)
Event: 7.604 Thread 0x0000000014956800  623       3       java.lang.Character::charCount (12 bytes)
Event: 7.604 Thread 0x0000000014956800 nmethod 623 0x00000000025b8050 code [0x00000000025b81a0, 0x00000000025b8330]
Event: 7.662 Thread 0x00000000148fc000 nmethod 622 0x00000000025bd150 code [0x00000000025bd4e0, 0x00000000025bed18]

GC Heap History (3 events):
Event: 7.673 GC heap before
{Heap before GC invocations=1 (full 0):
 PSYoungGen      total 18944K, used 14932K [0x00000000eb500000, 0x00000000eca00000, 0x0000000100000000)
  eden space 16384K, 91% used [0x00000000eb500000,0x00000000ec395160,0x00000000ec500000)
  from space 2560K, 0% used [0x00000000ec780000,0x00000000ec780000,0x00000000eca00000)
  to   space 2560K, 0% used [0x00000000ec500000,0x00000000ec500000,0x00000000ec780000)
 ParOldGen       total 44032K, used 0K [0x00000000c1e00000, 0x00000000c4900000, 0x00000000eb500000)
  object space 44032K, 0% used [0x00000000c1e00000,0x00000000c1e00000,0x00000000c4900000)
 Metaspace       used 12684K, capacity 12774K, committed 12928K, reserved 1064960K
  class space    used 1531K, capacity 1566K, committed 1664K, reserved 1048576K
Event: 7.715 GC heap after
Heap after GC invocations=1 (full 0):
 PSYoungGen      total 18944K, used 2528K [0x00000000eb500000, 0x00000000eca00000, 0x0000000100000000)
  eden space 16384K, 0% used [0x00000000eb500000,0x00000000eb500000,0x00000000ec500000)
  from space 2560K, 98% used [0x00000000ec500000,0x00000000ec778040,0x00000000ec780000)
  to   space 2560K, 0% used [0x00000000ec780000,0x00000000ec780000,0x00000000eca00000)
 ParOldGen       total 44032K, used 1602K [0x00000000c1e00000, 0x00000000c4900000, 0x00000000eb500000)
  object space 44032K, 3% used [0x00000000c1e00000,0x00000000c1f90a28,0x00000000c4900000)
 Metaspace       used 12684K, capacity 12774K, committed 12928K, reserved 1064960K
  class space    used 1531K, capacity 1566K, committed 1664K, reserved 1048576K
}
Event: 7.715 GC heap before
{Heap before GC invocations=2 (full 1):
 PSYoungGen      total 18944K, used 2528K [0x00000000eb500000, 0x00000000eca00000, 0x0000000100000000)
  eden space 16384K, 0% used [0x00000000eb500000,0x00000000eb500000,0x00000000ec500000)
  from space 2560K, 98% used [0x00000000ec500000,0x00000000ec778040,0x00000000ec780000)
  to   space 2560K, 0% used [0x00000000ec780000,0x00000000ec780000,0x00000000eca00000)
 ParOldGen       total 44032K, used 1602K [0x00000000c1e00000, 0x00000000c4900000, 0x00000000eb500000)
  object space 44032K, 3% used [0x00000000c1e00000,0x00000000c1f90a28,0x00000000c4900000)
 Metaspace       used 12684K, capacity 12774K, committed 12928K, reserved 1064960K
  class space    used 1531K, capacity 1566K, committed 1664K, reserved 1048576K

Deoptimization events (0 events):
No events

Internal exceptions (10 events):
Event: 7.601 Thread 0x000000000223e800 Exception <a 'java/security/PrivilegedActionException'> (0x00000000ec325ad8) thrown at [D:\re\workspace\8-2-build-windows-amd64-cygwin\jdk8u20\1074\hotspot\src\share\vm\prims\jvm.cpp, line 1275]
Event: 7.602 Thread 0x000000000223e800 Exception <a 'java/security/PrivilegedActionException'> (0x00000000ec32a038) thrown at [D:\re\workspace\8-2-build-windows-amd64-cygwin\jdk8u20\1074\hotspot\src\share\vm\prims\jvm.cpp, line 1275]
Event: 7.602 Thread 0x000000000223e800 Exception <a 'java/security/PrivilegedActionException'> (0x00000000ec3300d0) thrown at [D:\re\workspace\8-2-build-windows-amd64-cygwin\jdk8u20\1074\hotspot\src\share\vm\prims\jvm.cpp, line 1275]
Event: 7.603 Thread 0x000000000223e800 Exception <a 'java/security/PrivilegedActionException'> (0x00000000ec3346d0) thrown at [D:\re\workspace\8-2-build-windows-amd64-cygwin\jdk8u20\1074\hotspot\src\share\vm\prims\jvm.cpp, line 1275]
Event: 7.606 Thread 0x000000000223e800 Exception <a 'java/security/PrivilegedActionException'> (0x00000000ec33ac28) thrown at [D:\re\workspace\8-2-build-windows-amd64-cygwin\jdk8u20\1074\hotspot\src\share\vm\prims\jvm.cpp, line 1275]
Event: 7.606 Thread 0x000000000223e800 Exception <a 'java/security/PrivilegedActionException'> (0x00000000ec33df08) thrown at [D:\re\workspace\8-2-build-windows-amd64-cygwin\jdk8u20\1074\hotspot\src\share\vm\prims\jvm.cpp, line 1275]
Event: 7.670 Thread 0x000000000223e800 Exception <a 'java/security/PrivilegedActionException'> (0x00000000ec3424a0) thrown at [D:\re\workspace\8-2-build-windows-amd64-cygwin\jdk8u20\1074\hotspot\src\share\vm\prims\jvm.cpp, line 1275]
Event: 7.671 Thread 0x000000000223e800 Exception <a 'java/security/PrivilegedActionException'> (0x00000000ec345610) thrown at [D:\re\workspace\8-2-build-windows-amd64-cygwin\jdk8u20\1074\hotspot\src\share\vm\prims\jvm.cpp, line 1275]
Event: 7.671 Thread 0x000000000223e800 Exception <a 'java/security/PrivilegedActionException'> (0x00000000ec349828) thrown at [D:\re\workspace\8-2-build-windows-amd64-cygwin\jdk8u20\1074\hotspot\src\share\vm\prims\jvm.cpp, line 1275]
Event: 7.672 Thread 0x000000000223e800 Exception <a 'java/security/PrivilegedActionException'> (0x00000000ec34cea8) thrown at [D:\re\workspace\8-2-build-windows-amd64-cygwin\jdk8u20\1074\hotspot\src\share\vm\prims\jvm.cpp, line 1275]

Events (10 events):
Event: 7.670 loading class com/thoughtworks/xstream/converters/extended/CurrencyConverter
Event: 7.670 loading class com/thoughtworks/xstream/converters/extended/CurrencyConverter done
Event: 7.671 loading class com/thoughtworks/xstream/converters/extended/RegexPatternConverter
Event: 7.671 loading class com/thoughtworks/xstream/converters/extended/RegexPatternConverter done
Event: 7.671 loading class com/thoughtworks/xstream/converters/extended/CharsetConverter
Event: 7.671 loading class com/thoughtworks/xstream/converters/extended/CharsetConverter done
Event: 7.672 loading class com/thoughtworks/xstream/converters/extended/DurationConverter
Event: 7.672 loading class com/thoughtworks/xstream/converters/extended/DurationConverter done
Event: 7.673 loading class javax/xml/datatype/DatatypeFactory
Event: 7.673 Executing VM operation: CollectForMetadataAllocation


Dynamic libraries:
0x00007ff6a6780000 - 0x00007ff6a67b4000 	C:\Program Files\Java\jdk1.8.0_20\jre\bin\java.exe
0x00007fff5cbb0000 - 0x00007fff5cd5a000 	C:\WINDOWS\SYSTEM32\ntdll.dll
0x00007fff5bfb0000 - 0x00007fff5c0ea000 	C:\WINDOWS\system32\KERNEL32.DLL
0x00007fff5a320000 - 0x00007fff5a42f000 	C:\WINDOWS\system32\KERNELBASE.dll
0x00007fff58b50000 - 0x00007fff58bd8000 	C:\WINDOWS\system32\apphelp.dll
0x00007fff509b0000 - 0x00007fff509ff000 	C:\WINDOWS\AppPatch\AppPatch64\AcGenral.DLL
0x00007fff5bd10000 - 0x00007fff5bdb7000 	C:\WINDOWS\system32\msvcrt.dll
0x00007fff59d00000 - 0x00007fff59d2b000 	C:\WINDOWS\SYSTEM32\SspiCli.dll
0x00007fff5bb50000 - 0x00007fff5bba1000 	C:\WINDOWS\system32\SHLWAPI.dll
0x00007fff5c6a0000 - 0x00007fff5c811000 	C:\WINDOWS\system32\USER32.dll
0x00007fff5c820000 - 0x00007fff5c998000 	C:\WINDOWS\system32\ole32.dll
0x00007fff5a5f0000 - 0x00007fff5ba07000 	C:\WINDOWS\system32\SHELL32.dll
0x00007fff59530000 - 0x00007fff5954e000 	C:\WINDOWS\SYSTEM32\USERENV.dll
0x00007fff5a430000 - 0x00007fff5a4d5000 	C:\WINDOWS\system32\ADVAPI32.dll
0x00007fff4b330000 - 0x00007fff4b34b000 	C:\WINDOWS\SYSTEM32\MPR.dll
0x00007fff5ba10000 - 0x00007fff5bb46000 	C:\WINDOWS\system32\RPCRT4.dll
0x00007fff5a590000 - 0x00007fff5a5e7000 	C:\WINDOWS\SYSTEM32\sechost.dll
0x00007fff5c2e0000 - 0x00007fff5c4b6000 	C:\WINDOWS\SYSTEM32\combase.dll
0x00007fff5c4f0000 - 0x00007fff5c635000 	C:\WINDOWS\system32\GDI32.dll
0x00007fff59f20000 - 0x00007fff59f34000 	C:\WINDOWS\SYSTEM32\profapi.dll
0x00007fff580f0000 - 0x00007fff5818f000 	C:\WINDOWS\SYSTEM32\SHCORE.dll
0x00007fff5c100000 - 0x00007fff5c134000 	C:\WINDOWS\system32\IMM32.DLL
0x00007fff5ca00000 - 0x00007fff5cb39000 	C:\WINDOWS\system32\MSCTF.dll
0x00007fff57650000 - 0x00007fff578aa000 	C:\WINDOWS\WinSxS\amd64_microsoft.windows.common-controls_6595b64144ccf1df_6.0.9600.17031_none_6242a4b3ecbb55a1\COMCTL32.dll
0x0000000077130000 - 0x0000000077202000 	C:\Program Files\Java\jdk1.8.0_20\jre\bin\msvcr100.dll
0x0000000077210000 - 0x0000000077a68000 	C:\Program Files\Java\jdk1.8.0_20\jre\bin\server\jvm.dll
0x00007fff4df10000 - 0x00007fff4df19000 	C:\WINDOWS\SYSTEM32\WSOCK32.dll
0x00007fff47330000 - 0x00007fff4734f000 	C:\WINDOWS\SYSTEM32\WINMM.dll
0x00007fff5bdc0000 - 0x00007fff5bdc7000 	C:\WINDOWS\system32\PSAPI.DLL
0x00007fff5c640000 - 0x00007fff5c698000 	C:\WINDOWS\system32\WS2_32.dll
0x00007fff47300000 - 0x00007fff4732a000 	C:\WINDOWS\SYSTEM32\WINMMBASE.dll
0x00007fff5c0f0000 - 0x00007fff5c0f9000 	C:\WINDOWS\system32\NSI.dll
0x00007fff5a2d0000 - 0x00007fff5a31a000 	C:\WINDOWS\SYSTEM32\cfgmgr32.dll
0x00007fff58db0000 - 0x00007fff58dd6000 	C:\WINDOWS\SYSTEM32\DEVOBJ.dll
0x0000000050010000 - 0x000000005001f000 	C:\Program Files\Java\jdk1.8.0_20\jre\bin\verify.dll
0x00000000770c0000 - 0x00000000770e8000 	C:\Program Files\Java\jdk1.8.0_20\jre\bin\java.dll
0x00000000770a0000 - 0x00000000770b6000 	C:\Program Files\Java\jdk1.8.0_20\jre\bin\zip.dll
0x0000000076ec0000 - 0x0000000077058000 	C:\Program Files\Java\jdk1.8.0_20\jre\bin\awt.dll
0x00007fff5bbb0000 - 0x00007fff5bc67000 	C:\WINDOWS\system32\OLEAUT32.dll
0x00007fff58c20000 - 0x00007fff58d41000 	C:\WINDOWS\system32\uxtheme.dll
0x00007fff578b0000 - 0x00007fff578d0000 	C:\WINDOWS\system32\dwmapi.dll
0x00007fff58da0000 - 0x00007fff58daa000 	C:\WINDOWS\SYSTEM32\kernel.appcore.dll
0x00007fff59d90000 - 0x00007fff59d9a000 	C:\WINDOWS\SYSTEM32\CRYPTBASE.dll
0x00007fff59d30000 - 0x00007fff59d90000 	C:\WINDOWS\SYSTEM32\bcryptPrimitives.dll
0x0000000076e70000 - 0x0000000076eb7000 	C:\Program Files\Java\jdk1.8.0_20\jre\bin\fontmanager.dll
0x00007fff47a90000 - 0x00007fff47c9a000 	C:\WINDOWS\system32\d3d9.dll
0x00007fff53ee0000 - 0x00007fff53eea000 	C:\WINDOWS\SYSTEM32\VERSION.dll
0x00007fff29c20000 - 0x00007fff2b4fc000 	C:\WINDOWS\SYSTEM32\igdumdim64.dll
0x00007fff55210000 - 0x00007fff55662000 	C:\WINDOWS\SYSTEM32\igdusc64.dll
0x00000000764c0000 - 0x00000000764fc000 	C:\Program Files\Java\jdk1.8.0_20\jre\bin\lcms.dll
0x00007fff3b4d0000 - 0x00007fff3b658000 	C:\WINDOWS\SYSTEM32\dbghelp.dll

VM Arguments:
jvm_args: -Dfile.encoding=UTF-8 
java_command: StorePackage.MainMenu
java_class_path (initial): D:\app\Zuhair\product\11.2.0\dbhome_1\jdbc\lib\ojdbc6.jar;C:\Program Files\NetBeans 8.0.1\java\modules\ext\eclipselink\eclipselink.jar;C:\Program Files\NetBeans 8.0.1\java\modules\ext\eclipselink\javax.persistence_2.1.0.v201304241213.jar;C:\Program Files\NetBeans 8.0.1\java\modules\ext\eclipselink\org.eclipse.persistence.jpa.jpql_2.5.2.v20140319-9ad6abd.jar;C:\Users\Zuhair\Downloads\weblaf-complete-1.28.jar;C:\Program Files\NetBeans 8.0.1\java\modules\ext\beansbinding-1.2.1.jar;C:\Users\Zuhair\Documents\NetBeansProjects\AZMProject2\build\classes
Launcher Type: SUN_STANDARD

Environment Variables:
CLASSPATH=D:\app\Zuhair\product\11.2.0\dbhome_1\jdbc\lib
PATH=C:\Program Files\Haskell\bin;C:\Program Files\Haskell Platform\2014.2.0.0\lib\extralibs\bin;C:\Program Files\Haskell Platform\2014.2.0.0\bin;D:\app\Zuhair\product\11.2.0\dbhome_1\bin;C:\ProgramData\Oracle\Java\javapath;C:\Program Files (x86)\PC Connectivity Solution\;C:\Program Files (x86)\iis express\PHP\v5.4;C:\Program Files (x86)\iis express\PHP\v5.3;C:\WINDOWS\system32;C:\WINDOWS;C:\WINDOWS\System32\Wbem;C:\WINDOWS\System32\WindowsPowerShell\v1.0\;C:\Program Files (x86)\QuickTime\QTSystem\;C:\Program Files (x86)\Windows Kits\8.1\Windows Performance Toolkit\;C:\Program Files\Microsoft SQL Server\110\Tools\Binn\;c:\users\zuhair\appdata\local\enthought\canopy\user\scripts;C:\Ruby193\bin;C:\Users\Zuhair\AppData\Local\Enthought\Canopy\User;C:\Users\Zuhair\AppData\Local\Enthought\Canopy\User\Scripts;C:\Program Files\MySQL\MySQL Server 5.1\bin;C:\Program Files (x86)\VisualSVN\bin;C:\Program Files (x86)\IVI Foundation\VISA\WinNT\Bin;C:\Program Files (x86)\leJOS NXJ\bin;C:\Program Files\TortoiseSVN\bin;C:\Program Files\Google\Cloud SDK\google-cloud-sdk\bin;C:\Program Files\nodejs\;C:\Program Files\MATLAB\R2014a\runtime\win64;C:\Program Files\MATLAB\R2014a\bin;C:\Program Files\MATLAB\R2014a\polyspace\bin;C:\Program Files\Haskell Platform\2014.2.0.0\mingw\bin;C:\Program Files (x86)\Tesseract-OCR;C:\Program Files\Microsoft\Web Platform Installer\;C:\Users\Zuhair\AppData\Roaming\cabal\bin;C:\Program Files\Java\jdk1.8.0_20\bin;C:\RailsInstaller\Git\cmd;C:\RailsInstaller\Ruby1.9.3\bin;c:\users\zuhair\appdata\local\enthought\canopy\user\scripts;C:\Ruby193\bin;C:\Users\Zuhair\AppData\Local\Enthought\Canopy\User;C:\Users\Zuhair\AppData\Local\Enthought\Canopy\User\Scripts;"C:\Program Files (x86)\TASM1";C:\Program Files (x86)\Google\google_appengine\;C:\Users\Zuhair\AppData\Roaming\npm;D:\opencv\build\x86\vc12\bin
USERNAME=Zuhair
OS=Windows_NT
PROCESSOR_IDENTIFIER=Intel64 Family 6 Model 58 Stepping 9, GenuineIntel



---------------  S Y S T E M  ---------------

OS: Windows 8.1 , 64 bit Build 9600 

CPU:total 4 (2 cores per cpu, 2 threads per core) family 6 model 58 stepping 9, cmov, cx8, fxsr, mmx, sse, sse2, sse3, ssse3, sse4.1, sse4.2, popcnt, avx, aes, clmul, erms, ht, tsc, tscinvbit, tscinv

Memory: 4k page, physical 4070964k(140688k free), swap 9190964k(8184k free)

vm_info: Java HotSpot(TM) 64-Bit Server VM (25.20-b23) for windows-amd64 JRE (1.8.0_20-b26), built on Jul 30 2014 13:51:23 by "java_re" with MS VC++ 10.0 (VS2010)

time: Wed Dec 03 13:10:53 2014
elapsed time: 10 seconds (0d 0h 0m 10s)

